This is XeTeX, Version 3.141592653-2.6-0.999993 (TeX Live 2021) (preloaded format=xelatex 2021.8.10)  23 AUG 2021 14:37
entering extended mode
 restricted \write18 enabled.
 %&-line parsing enabled.
**schuster-statistics-remix.tex
(./schuster-statistics-remix.tex
LaTeX2e <2021-06-01> patch level 1
L3 programming layer <2021-07-12> (/Users/dave/Library/TinyTeX/texmf-dist/tex/l
atex/base/book.cls
Document Class: book 2021/02/12 v1.4n Standard LaTeX document class
(/Users/dave/Library/TinyTeX/texmf-dist/tex/latex/base/bk10.clo
File: bk10.clo 2021/02/12 v1.4n Standard LaTeX file (size option)
)
\c@part=\count178
\c@chapter=\count179
\c@section=\count180
\c@subsection=\count181
\c@subsubsection=\count182
\c@paragraph=\count183
\c@subparagraph=\count184
\c@figure=\count185
\c@table=\count186
\abovecaptionskip=\skip47
\belowcaptionskip=\skip48
\bibindent=\dimen138
) (/Users/dave/Library/TinyTeX/texmf-dist/tex/latex/amsmath/amsmath.sty
Package: amsmath 2021/04/20 v2.17j AMS math features
\@mathmargin=\skip49
For additional information on amsmath, use the `?' option.
(/Users/dave/Library/TinyTeX/texmf-dist/tex/latex/amsmath/amstext.sty
Package: amstext 2000/06/29 v2.01 AMS text
(/Users/dave/Library/TinyTeX/texmf-dist/tex/latex/amsmath/amsgen.sty
File: amsgen.sty 1999/11/30 v2.0 generic functions
\@emptytoks=\toks16
\ex@=\dimen139
)) (/Users/dave/Library/TinyTeX/texmf-dist/tex/latex/amsmath/amsbsy.sty
Package: amsbsy 1999/11/29 v1.2d Bold Symbols
\pmbraise@=\dimen140
) (/Users/dave/Library/TinyTeX/texmf-dist/tex/latex/amsmath/amsopn.sty
Package: amsopn 2016/03/08 v2.02 operator names
)
\inf@bad=\count187
LaTeX Info: Redefining \frac on input line 234.
\uproot@=\count188
\leftroot@=\count189
LaTeX Info: Redefining \overline on input line 399.
\classnum@=\count190
\DOTSCASE@=\count191
LaTeX Info: Redefining \ldots on input line 496.
LaTeX Info: Redefining \dots on input line 499.
LaTeX Info: Redefining \cdots on input line 620.
\Mathstrutbox@=\box50
\strutbox@=\box51
\big@size=\dimen141
LaTeX Font Info:    Redeclaring font encoding OML on input line 743.
LaTeX Font Info:    Redeclaring font encoding OMS on input line 744.
\macc@depth=\count192
\c@MaxMatrixCols=\count193
\dotsspace@=\muskip16
\c@parentequation=\count194
\dspbrk@lvl=\count195
\tag@help=\toks17
\row@=\count196
\column@=\count197
\maxfields@=\count198
\andhelp@=\toks18
\eqnshift@=\dimen142
\alignsep@=\dimen143
\tagshift@=\dimen144
\tagwidth@=\dimen145
\totwidth@=\dimen146
\lineht@=\dimen147
\@envbody=\toks19
\multlinegap=\skip50
\multlinetaggap=\skip51
\mathdisplay@stack=\toks20
LaTeX Info: Redefining \[ on input line 2923.
LaTeX Info: Redefining \] on input line 2924.
) (/Users/dave/Library/TinyTeX/texmf-dist/tex/latex/amsfonts/amssymb.sty
Package: amssymb 2013/01/14 v3.01 AMS font symbols
(/Users/dave/Library/TinyTeX/texmf-dist/tex/latex/amsfonts/amsfonts.sty
Package: amsfonts 2013/01/14 v3.01 Basic AMSFonts support
\symAMSa=\mathgroup4
\symAMSb=\mathgroup5
LaTeX Font Info:    Redeclaring math symbol \hbar on input line 98.
LaTeX Font Info:    Overwriting math alphabet `\mathfrak' in version `bold'
(Font)                  U/euf/m/n --> U/euf/b/n on input line 106.
)) (/Users/dave/Library/TinyTeX/texmf-dist/tex/latex/lm/lmodern.sty
Package: lmodern 2015/05/01 v1.6.1 Latin Modern Fonts
LaTeX Font Info:    Overwriting symbol font `operators' in version `normal'
(Font)                  OT1/cmr/m/n --> OT1/lmr/m/n on input line 22.
LaTeX Font Info:    Overwriting symbol font `letters' in version `normal'
(Font)                  OML/cmm/m/it --> OML/lmm/m/it on input line 23.
LaTeX Font Info:    Overwriting symbol font `symbols' in version `normal'
(Font)                  OMS/cmsy/m/n --> OMS/lmsy/m/n on input line 24.
LaTeX Font Info:    Overwriting symbol font `largesymbols' in version `normal'
(Font)                  OMX/cmex/m/n --> OMX/lmex/m/n on input line 25.
LaTeX Font Info:    Overwriting symbol font `operators' in version `bold'
(Font)                  OT1/cmr/bx/n --> OT1/lmr/bx/n on input line 26.
LaTeX Font Info:    Overwriting symbol font `letters' in version `bold'
(Font)                  OML/cmm/b/it --> OML/lmm/b/it on input line 27.
LaTeX Font Info:    Overwriting symbol font `symbols' in version `bold'
(Font)                  OMS/cmsy/b/n --> OMS/lmsy/b/n on input line 28.
LaTeX Font Info:    Overwriting symbol font `largesymbols' in version `bold'
(Font)                  OMX/cmex/m/n --> OMX/lmex/m/n on input line 29.
LaTeX Font Info:    Overwriting math alphabet `\mathbf' in version `normal'
(Font)                  OT1/cmr/bx/n --> OT1/lmr/bx/n on input line 31.
LaTeX Font Info:    Overwriting math alphabet `\mathsf' in version `normal'
(Font)                  OT1/cmss/m/n --> OT1/lmss/m/n on input line 32.
LaTeX Font Info:    Overwriting math alphabet `\mathit' in version `normal'
(Font)                  OT1/cmr/m/it --> OT1/lmr/m/it on input line 33.
LaTeX Font Info:    Overwriting math alphabet `\mathtt' in version `normal'
(Font)                  OT1/cmtt/m/n --> OT1/lmtt/m/n on input line 34.
LaTeX Font Info:    Overwriting math alphabet `\mathbf' in version `bold'
(Font)                  OT1/cmr/bx/n --> OT1/lmr/bx/n on input line 35.
LaTeX Font Info:    Overwriting math alphabet `\mathsf' in version `bold'
(Font)                  OT1/cmss/bx/n --> OT1/lmss/bx/n on input line 36.
LaTeX Font Info:    Overwriting math alphabet `\mathit' in version `bold'
(Font)                  OT1/cmr/bx/it --> OT1/lmr/bx/it on input line 37.
LaTeX Font Info:    Overwriting math alphabet `\mathtt' in version `bold'
(Font)                  OT1/cmtt/m/n --> OT1/lmtt/m/n on input line 38.
) (/Users/dave/Library/TinyTeX/texmf-dist/tex/generic/iftex/ifxetex.sty
Package: ifxetex 2019/10/25 v0.7 ifxetex legacy package. Use iftex instead.
(/Users/dave/Library/TinyTeX/texmf-dist/tex/generic/iftex/iftex.sty
Package: iftex 2020/03/06 v1.0d TeX engine tests
)) (/Users/dave/Library/TinyTeX/texmf-dist/tex/generic/iftex/ifluatex.sty
Package: ifluatex 2019/10/25 v1.5 ifluatex legacy package. Use iftex instead.
)
(/Users/dave/Library/TinyTeX/texmf-dist/tex/latex/unicode-math/unicode-math.sty
(/Users/dave/Library/TinyTeX/texmf-dist/tex/latex/l3kernel/expl3.sty
Package: expl3 2021-07-12 L3 programming layer (loader) 

(/Users/dave/Library/TinyTeX/texmf-dist/tex/latex/l3backend/l3backend-xetex.def
File: l3backend-xetex.def 2021-08-04 L3 backend support: XeTeX
(|extractbb --version)
\c__kernel_sys_dvipdfmx_version_int=\count199
\l__color_backend_stack_int=\count266
\g__color_backend_stack_int=\count267
\g__graphics_track_int=\count268
\l__pdf_internal_box=\box52
\g__pdf_backend_object_int=\count269
\g__pdf_backend_annotation_int=\count270
\g__pdf_backend_link_int=\count271
))
Package: unicode-math 2020/01/31 v0.8q Unicode maths in XeLaTeX and LuaLaTeX

(/Users/dave/Library/TinyTeX/texmf-dist/tex/latex/unicode-math/unicode-math-xet
ex.sty
Package: unicode-math-xetex 2020/01/31 v0.8q Unicode maths in XeLaTeX and LuaLa
TeX
(/Users/dave/Library/TinyTeX/texmf-dist/tex/latex/l3packages/xparse/xparse.sty
Package: xparse 2021-08-04 L3 Experimental document command parser
)
(/Users/dave/Library/TinyTeX/texmf-dist/tex/latex/l3packages/l3keys2e/l3keys2e.
sty
Package: l3keys2e 2021-08-04 LaTeX2e option processing using LaTeX3 keys
) (/Users/dave/Library/TinyTeX/texmf-dist/tex/latex/fontspec/fontspec.sty
Package: fontspec 2020/02/21 v2.7i Font selection for XeLaTeX and LuaLaTeX
(/Users/dave/Library/TinyTeX/texmf-dist/tex/latex/fontspec/fontspec-xetex.sty
Package: fontspec-xetex 2020/02/21 v2.7i Font selection for XeLaTeX and LuaLaTe
X
\l__fontspec_script_int=\count272
\l__fontspec_language_int=\count273
\l__fontspec_strnum_int=\count274
\l__fontspec_tmp_int=\count275
\l__fontspec_tmpa_int=\count276
\l__fontspec_tmpb_int=\count277
\l__fontspec_tmpc_int=\count278
\l__fontspec_em_int=\count279
\l__fontspec_emdef_int=\count280
\l__fontspec_strong_int=\count281
\l__fontspec_strongdef_int=\count282
\l__fontspec_tmpa_dim=\dimen148
\l__fontspec_tmpb_dim=\dimen149
\l__fontspec_tmpc_dim=\dimen150
(/Users/dave/Library/TinyTeX/texmf-dist/tex/latex/base/fontenc.sty
Package: fontenc 2021/04/29 v2.0v Standard LaTeX package
) (/Users/dave/Library/TinyTeX/texmf-dist/tex/latex/fontspec/fontspec.cfg))) (/
Users/dave/Library/TinyTeX/texmf-dist/tex/latex/base/fix-cm.sty
Package: fix-cm 2020/11/24 v1.1t fixes to LaTeX
(/Users/dave/Library/TinyTeX/texmf-dist/tex/latex/base/ts1enc.def
File: ts1enc.def 2001/06/05 v3.0e (jk/car/fm) Standard LaTeX file
LaTeX Font Info:    Redeclaring font encoding TS1 on input line 47.
))
\g__um_fam_int=\count283
\g__um_fonts_used_int=\count284
\l__um_primecount_int=\count285
\g__um_primekern_muskip=\muskip17

(/Users/dave/Library/TinyTeX/texmf-dist/tex/latex/unicode-math/unicode-math-tab
le.tex))) (/Users/dave/Library/TinyTeX/texmf-dist/tex/latex/xcolor/xcolor.sty
Package: xcolor 2016/05/11 v2.12 LaTeX color extensions (UK)
(/Users/dave/Library/TinyTeX/texmf-dist/tex/latex/graphics-cfg/color.cfg
File: color.cfg 2016/01/02 v1.6 sample color configuration
)
Package xcolor Info: Driver file: xetex.def on input line 225.
(/Users/dave/Library/TinyTeX/texmf-dist/tex/latex/graphics-def/xetex.def
File: xetex.def 2021/03/18 v5.0k Graphics/color driver for xetex
)
Package xcolor Info: Model `cmy' substituted by `cmy0' on input line 1348.
Package xcolor Info: Model `RGB' extended on input line 1364.
Package xcolor Info: Model `HTML' substituted by `rgb' on input line 1366.
Package xcolor Info: Model `Hsb' substituted by `hsb' on input line 1367.
Package xcolor Info: Model `tHsb' substituted by `hsb' on input line 1368.
Package xcolor Info: Model `HSB' substituted by `hsb' on input line 1369.
Package xcolor Info: Model `Gray' substituted by `gray' on input line 1370.
Package xcolor Info: Model `wave' substituted by `hsb' on input line 1371.
) (/Users/dave/Library/TinyTeX/texmf-dist/tex/latex/hyperref/hyperref.sty
Package: hyperref 2021-06-07 v7.00m Hypertext links for LaTeX
(/Users/dave/Library/TinyTeX/texmf-dist/tex/generic/ltxcmds/ltxcmds.sty
Package: ltxcmds 2020-05-10 v1.25 LaTeX kernel commands for general use (HO)
) (/Users/dave/Library/TinyTeX/texmf-dist/tex/generic/pdftexcmds/pdftexcmds.sty
Package: pdftexcmds 2020-06-27 v0.33 Utility functions of pdfTeX for LuaTeX (HO
)
(/Users/dave/Library/TinyTeX/texmf-dist/tex/generic/infwarerr/infwarerr.sty
Package: infwarerr 2019/12/03 v1.5 Providing info/warning/error messages (HO)
)
Package pdftexcmds Info: \pdf@primitive is available.
Package pdftexcmds Info: \pdf@ifprimitive is available.
Package pdftexcmds Info: \pdfdraftmode not found.
) (/Users/dave/Library/TinyTeX/texmf-dist/tex/latex/graphics/keyval.sty
Package: keyval 2014/10/28 v1.15 key=value parser (DPC)
\KV@toks@=\toks21
) (/Users/dave/Library/TinyTeX/texmf-dist/tex/generic/kvsetkeys/kvsetkeys.sty
Package: kvsetkeys 2019/12/15 v1.18 Key value parser (HO)
)
(/Users/dave/Library/TinyTeX/texmf-dist/tex/generic/kvdefinekeys/kvdefinekeys.s
ty
Package: kvdefinekeys 2019-12-19 v1.6 Define keys (HO)
) (/Users/dave/Library/TinyTeX/texmf-dist/tex/generic/pdfescape/pdfescape.sty
Package: pdfescape 2019/12/09 v1.15 Implements pdfTeX's escape features (HO)
) (/Users/dave/Library/TinyTeX/texmf-dist/tex/latex/hycolor/hycolor.sty
Package: hycolor 2020-01-27 v1.10 Color options for hyperref/bookmark (HO)
) (/Users/dave/Library/TinyTeX/texmf-dist/tex/latex/letltxmacro/letltxmacro.sty
Package: letltxmacro 2019/12/03 v1.6 Let assignment for LaTeX macros (HO)
) (/Users/dave/Library/TinyTeX/texmf-dist/tex/latex/auxhook/auxhook.sty
Package: auxhook 2019-12-17 v1.6 Hooks for auxiliary files (HO)
) (/Users/dave/Library/TinyTeX/texmf-dist/tex/latex/kvoptions/kvoptions.sty
Package: kvoptions 2020-10-07 v3.14 Key value format for package options (HO)
)
\@linkdim=\dimen151
\Hy@linkcounter=\count286
\Hy@pagecounter=\count287
(/Users/dave/Library/TinyTeX/texmf-dist/tex/latex/hyperref/pd1enc.def
File: pd1enc.def 2021-06-07 v7.00m Hyperref: PDFDocEncoding definition (HO)
)
(/Users/dave/Library/TinyTeX/texmf-dist/tex/latex/hyperref/hyperref-langpatches
.def
File: hyperref-langpatches.def 2021-06-07 v7.00m Hyperref: patches for babel la
nguages
) (/Users/dave/Library/TinyTeX/texmf-dist/tex/generic/intcalc/intcalc.sty
Package: intcalc 2019/12/15 v1.3 Expandable calculations with integers (HO)
) (/Users/dave/Library/TinyTeX/texmf-dist/tex/generic/etexcmds/etexcmds.sty
Package: etexcmds 2019/12/15 v1.7 Avoid name clashes with e-TeX commands (HO)
)
\Hy@SavedSpaceFactor=\count288
(/Users/dave/Library/TinyTeX/texmf-dist/tex/latex/hyperref/puenc.def
File: puenc.def 2021-06-07 v7.00m Hyperref: PDF Unicode definition (HO)
)
Package hyperref Info: Option `unicode' set `true' on input line 4073.
Package hyperref Info: Hyper figures OFF on input line 4192.
Package hyperref Info: Link nesting OFF on input line 4197.
Package hyperref Info: Hyper index ON on input line 4200.
Package hyperref Info: Plain pages OFF on input line 4207.
Package hyperref Info: Backreferencing OFF on input line 4212.
Package hyperref Info: Implicit mode ON; LaTeX internals redefined.
Package hyperref Info: Bookmarks ON on input line 4445.
\c@Hy@tempcnt=\count289
(/Users/dave/Library/TinyTeX/texmf-dist/tex/latex/url/url.sty
\Urlmuskip=\muskip18
Package: url 2013/09/16  ver 3.4  Verb mode for urls, etc.
)
LaTeX Info: Redefining \url on input line 4804.
\XeTeXLinkMargin=\dimen152
(/Users/dave/Library/TinyTeX/texmf-dist/tex/generic/bitset/bitset.sty
Package: bitset 2019/12/09 v1.3 Handle bit-vector datatype (HO)
(/Users/dave/Library/TinyTeX/texmf-dist/tex/generic/bigintcalc/bigintcalc.sty
Package: bigintcalc 2019/12/15 v1.5 Expandable calculations on big integers (HO
)
))
\Fld@menulength=\count290
\Field@Width=\dimen153
\Fld@charsize=\dimen154
Package hyperref Info: Hyper figures OFF on input line 6076.
Package hyperref Info: Link nesting OFF on input line 6081.
Package hyperref Info: Hyper index ON on input line 6084.
Package hyperref Info: backreferencing OFF on input line 6091.
Package hyperref Info: Link coloring OFF on input line 6096.
Package hyperref Info: Link coloring with OCG OFF on input line 6101.
Package hyperref Info: PDF/A mode OFF on input line 6106.
LaTeX Info: Redefining \ref on input line 6146.
LaTeX Info: Redefining \pageref on input line 6150.
(/Users/dave/Library/TinyTeX/texmf-dist/tex/latex/base/atbegshi-ltx.sty
Package: atbegshi-ltx 2021/01/10 v1.0c Emulation of the original atbegshi
package with kernel methods
)
\Hy@abspage=\count291
\c@Item=\count292
\c@Hfootnote=\count293
)
Package hyperref Info: Driver (autodetected): hxetex.
(/Users/dave/Library/TinyTeX/texmf-dist/tex/latex/hyperref/hxetex.def
File: hxetex.def 2021-06-07 v7.00m Hyperref driver for XeTeX
(/Users/dave/Library/TinyTeX/texmf-dist/tex/generic/stringenc/stringenc.sty
Package: stringenc 2019/11/29 v1.12 Convert strings between diff. encodings (HO
)
)
\pdfm@box=\box53
\c@Hy@AnnotLevel=\count294
\HyField@AnnotCount=\count295
\Fld@listcount=\count296
\c@bookmark@seq@number=\count297

(/Users/dave/Library/TinyTeX/texmf-dist/tex/latex/rerunfilecheck/rerunfilecheck
.sty
Package: rerunfilecheck 2019/12/05 v1.9 Rerun checks for auxiliary files (HO)
(/Users/dave/Library/TinyTeX/texmf-dist/tex/latex/base/atveryend-ltx.sty
Package: atveryend-ltx 2020/08/19 v1.0a Emulation of the original atvery packag
e
with kernel methods
)
(/Users/dave/Library/TinyTeX/texmf-dist/tex/generic/uniquecounter/uniquecounter
.sty
Package: uniquecounter 2019/12/15 v1.4 Provide unlimited unique counter (HO)
)
Package uniquecounter Info: New unique counter `rerunfilecheck' on input line 2
86.
)
\Hy@SectionHShift=\skip52
) (/Users/dave/Library/TinyTeX/texmf-dist/tex/latex/fancyvrb/fancyvrb.sty
Package: fancyvrb 2021/01/20 v3.7 verbatim text (tvz,hv)
\FV@CodeLineNo=\count298
\FV@InFile=\read2
\FV@TabBox=\box54
\c@FancyVerbLine=\count299
\FV@StepNumber=\count300
\FV@OutFile=\write3
) (/Users/dave/Library/TinyTeX/texmf-dist/tex/latex/framed/framed.sty
Package: framed 2011/10/22 v 0.96: framed or shaded text with page breaks
\OuterFrameSep=\skip53
\fb@frw=\dimen155
\fb@frh=\dimen156
\FrameRule=\dimen157
\FrameSep=\dimen158
) (/Users/dave/Library/TinyTeX/texmf-dist/tex/latex/tools/longtable.sty
Package: longtable 2021-05-07 v4.16 Multi-page Table package (DPC)
\LTleft=\skip54
\LTright=\skip55
\LTpre=\skip56
\LTpost=\skip57
\LTchunksize=\count301
\LTcapwidth=\dimen159
\LT@head=\box55
\LT@firsthead=\box56
\LT@foot=\box57
\LT@lastfoot=\box58
\LT@gbox=\box59
\LT@cols=\count302
\LT@rows=\count303
\c@LT@tables=\count304
\c@LT@chunks=\count305
\LT@p@ftn=\toks22
) (/Users/dave/Library/TinyTeX/texmf-dist/tex/latex/booktabs/booktabs.sty
Package: booktabs 2020/01/12 v1.61803398 Publication quality tables
\heavyrulewidth=\dimen160
\lightrulewidth=\dimen161
\cmidrulewidth=\dimen162
\belowrulesep=\dimen163
\belowbottomsep=\dimen164
\aboverulesep=\dimen165
\abovetopsep=\dimen166
\cmidrulesep=\dimen167
\cmidrulekern=\dimen168
\defaultaddspace=\dimen169
\@cmidla=\count306
\@cmidlb=\count307
\@aboverulesep=\dimen170
\@belowrulesep=\dimen171
\@thisruleclass=\count308
\@lastruleclass=\count309
\@thisrulewidth=\dimen172
) (/Users/dave/Library/TinyTeX/texmf-dist/tex/latex/tools/array.sty
Package: array 2021/04/20 v2.5e Tabular extension package (FMi)
\col@sep=\dimen173
\ar@mcellbox=\box60
\extrarowheight=\dimen174
\NC@list=\toks23
\extratabsurround=\skip58
\backup@length=\skip59
\ar@cellbox=\box61
) (/Users/dave/Library/TinyTeX/texmf-dist/tex/latex/tools/calc.sty
Package: calc 2017/05/25 v4.3 Infix arithmetic (KKT,FJ)
\calc@Acount=\count310
\calc@Bcount=\count311
\calc@Adimen=\dimen175
\calc@Bdimen=\dimen176
\calc@Askip=\skip60
\calc@Bskip=\skip61
LaTeX Info: Redefining \setlength on input line 80.
LaTeX Info: Redefining \addtolength on input line 81.
\calc@Ccount=\count312
\calc@Cskip=\skip62
) (/Users/dave/Library/TinyTeX/texmf-dist/tex/latex/etoolbox/etoolbox.sty
Package: etoolbox 2020/10/05 v2.5k e-TeX tools for LaTeX (JAW)
\etb@tempcnta=\count313
) (/Users/dave/Library/TinyTeX/texmf-dist/tex/latex/mdwtools/footnote.sty
Package: footnote 1997/01/28 1.13 Save footnotes around boxes
\fn@notes=\box62
\fn@width=\dimen177
) (/Users/dave/Library/TinyTeX/texmf-dist/tex/latex/graphics/graphicx.sty
Package: graphicx 2020/12/05 v1.2c Enhanced LaTeX Graphics (DPC,SPQR)
(/Users/dave/Library/TinyTeX/texmf-dist/tex/latex/graphics/graphics.sty
Package: graphics 2021/03/04 v1.4d Standard LaTeX Graphics (DPC,SPQR)
(/Users/dave/Library/TinyTeX/texmf-dist/tex/latex/graphics/trig.sty
Package: trig 2016/01/03 v1.10 sin cos tan (DPC)
) (/Users/dave/Library/TinyTeX/texmf-dist/tex/latex/graphics-cfg/graphics.cfg
File: graphics.cfg 2016/06/04 v1.11 sample graphics configuration
)
Package graphics Info: Driver file: xetex.def on input line 107.
)
\Gin@req@height=\dimen178
\Gin@req@width=\dimen179
) (/Users/dave/Library/TinyTeX/texmf-dist/tex/latex/natbib/natbib.sty
Package: natbib 2010/09/13 8.31b (PWD, AO)
\bibhang=\skip63
\bibsep=\skip64
LaTeX Info: Redefining \cite on input line 694.
\c@NAT@ctr=\count314
) (./schuster-statistics-remix.aux)
\openout1 = `schuster-statistics-remix.aux'.

LaTeX Font Info:    Checking defaults for OML/cmm/m/it on input line 159.
LaTeX Font Info:    ... okay on input line 159.
LaTeX Font Info:    Checking defaults for OMS/cmsy/m/n on input line 159.
LaTeX Font Info:    ... okay on input line 159.
LaTeX Font Info:    Checking defaults for OT1/cmr/m/n on input line 159.
LaTeX Font Info:    ... okay on input line 159.
LaTeX Font Info:    Checking defaults for T1/cmr/m/n on input line 159.
LaTeX Font Info:    ... okay on input line 159.
LaTeX Font Info:    Checking defaults for TS1/cmr/m/n on input line 159.
LaTeX Font Info:    ... okay on input line 159.
LaTeX Font Info:    Checking defaults for TU/lmr/m/n on input line 159.
LaTeX Font Info:    ... okay on input line 159.
LaTeX Font Info:    Checking defaults for OMX/cmex/m/n on input line 159.
LaTeX Font Info:    ... okay on input line 159.
LaTeX Font Info:    Checking defaults for U/cmr/m/n on input line 159.
LaTeX Font Info:    ... okay on input line 159.
LaTeX Font Info:    Checking defaults for PD1/pdf/m/n on input line 159.
LaTeX Font Info:    ... okay on input line 159.
LaTeX Font Info:    Checking defaults for PU/pdf/m/n on input line 159.
LaTeX Font Info:    ... okay on input line 159.
LaTeX Font Info:    Overwriting math alphabet `\mathrm' in version `normal'
(Font)                  OT1/lmr/m/n --> TU/lmr/m/n on input line 159.
LaTeX Font Info:    Overwriting math alphabet `\mathit' in version `normal'
(Font)                  OT1/lmr/m/it --> TU/lmr/m/it on input line 159.
LaTeX Font Info:    Overwriting math alphabet `\mathbf' in version `normal'
(Font)                  OT1/lmr/bx/n --> TU/lmr/bx/n on input line 159.
LaTeX Font Info:    Overwriting math alphabet `\mathsf' in version `normal'
(Font)                  OT1/lmss/m/n --> TU/lmss/m/n on input line 159.
LaTeX Font Info:    Overwriting math alphabet `\mathsf' in version `bold'
(Font)                  OT1/lmss/bx/n --> TU/lmss/bx/n on input line 159.
LaTeX Font Info:    Overwriting math alphabet `\mathtt' in version `normal'
(Font)                  OT1/lmtt/m/n --> TU/lmtt/m/n on input line 159.
LaTeX Font Info:    Overwriting math alphabet `\mathtt' in version `bold'
(Font)                  OT1/lmtt/m/n --> TU/lmtt/bx/n on input line 159.

Package fontspec Info: latinmodern-math scale = 0.9999964596882403.


Package fontspec Info: latinmodern-math scale = 0.9999964596882403.


Package fontspec Info: latinmodern-math scale = 0.9999964596882403.


Package fontspec Info: Font family 'latinmodern-math.otf(0)' created for font
(fontspec)             'latinmodern-math.otf' with options
(fontspec)             [Scale=MatchLowercase,BoldItalicFont={},ItalicFont={},Sm
allCapsFont={},Script=Math,BoldFont={latinmodern-math.otf}].
(fontspec)              
(fontspec)              This font family consists of the following NFSS
(fontspec)             series/shapes:
(fontspec)              
(fontspec)             - 'normal' (m/n) with NFSS spec.:
(fontspec)             <->s*[0.9999964596882403]"[latinmodern-math.otf]/OT:scri
pt=math;language=dflt;"
(fontspec)             - 'small caps'  (m/sc) with NFSS spec.: 
(fontspec)             - 'bold' (b/n) with NFSS spec.:
(fontspec)             <->s*[0.9999964596882403]"[latinmodern-math.otf]/OT:scri
pt=math;language=dflt;"
(fontspec)             - 'bold small caps'  (b/sc) with NFSS spec.: 

LaTeX Font Info:    Font shape `TU/latinmodern-math.otf(0)/m/n' will be
(Font)              scaled to size 10.0pt on input line 159.

Package fontspec Info: latinmodern-math scale = 0.9999964596882403.


Package fontspec Info: latinmodern-math scale = 0.9999964596882403.


Package fontspec Info: latinmodern-math scale = 0.9999964596882403.


Package fontspec Info: latinmodern-math scale = 0.9999964596882403.


Package fontspec Info: latinmodern-math scale = 0.9999964596882403.


Package fontspec Info: Font family 'latinmodern-math.otf(1)' created for font
(fontspec)             'latinmodern-math.otf' with options
(fontspec)             [Scale=MatchLowercase,BoldItalicFont={},ItalicFont={},Sm
allCapsFont={},Script=Math,SizeFeatures={{Size=8.5-},{Size=6-8.5,Font=latinmode
rn-math.otf,Style=MathScript},{Size=-6,Font=latinmodern-math.otf,Style=MathScri
ptScript}},BoldFont={latinmodern-math.otf}].
(fontspec)              
(fontspec)              This font family consists of the following NFSS
(fontspec)             series/shapes:
(fontspec)              
(fontspec)             - 'normal' (m/n) with NFSS spec.:
(fontspec)             <8.5->s*[0.9999964596882403]"[latinmodern-math.otf]/OT:s
cript=math;language=dflt;"<6-8.5>s*[0.9999964596882403]"[latinmodern-math.otf]/
OT:script=math;language=dflt;+ssty=0;"<-6>s*[0.9999964596882403]"[latinmodern-m
ath.otf]/OT:script=math;language=dflt;+ssty=1;"
(fontspec)             - 'small caps'  (m/sc) with NFSS spec.: 
(fontspec)             - 'bold' (b/n) with NFSS spec.:
(fontspec)             <->s*[0.9999964596882403]"[latinmodern-math.otf]/OT:scri
pt=math;language=dflt;"
(fontspec)             - 'bold small caps'  (b/sc) with NFSS spec.: 

LaTeX Font Info:    Font shape `TU/latinmodern-math.otf(1)/m/n' will be
(Font)              scaled to size 10.0pt on input line 159.
LaTeX Font Info:    Encoding `OT1' has changed to `TU' for symbol font
(Font)              `operators' in the math version `normal' on input line 159.

LaTeX Font Info:    Overwriting symbol font `operators' in version `normal'
(Font)                  OT1/lmr/m/n --> TU/latinmodern-math.otf(1)/m/n on input
 line 159.
LaTeX Font Info:    Encoding `OT1' has changed to `TU' for symbol font
(Font)              `operators' in the math version `bold' on input line 159.
LaTeX Font Info:    Overwriting symbol font `operators' in version `bold'
(Font)                  OT1/lmr/bx/n --> TU/latinmodern-math.otf(1)/b/n on inpu
t line 159.

Package fontspec Info: latinmodern-math scale = 0.9999964596882403.


Package fontspec Info: latinmodern-math scale = 1.000096459334209.


Package fontspec Info: latinmodern-math scale = 0.9999964596882403.


Package fontspec Info: latinmodern-math scale = 1.000096459334209.


Package fontspec Info: latinmodern-math scale = 0.9999964596882403.


Package fontspec Info: latinmodern-math scale = 1.000096459334209.


Package fontspec Info: latinmodern-math scale = 0.9999964596882403.


Package fontspec Info: latinmodern-math scale = 1.000096459334209.


Package fontspec Info: latinmodern-math scale = 0.9999964596882403.


Package fontspec Info: latinmodern-math scale = 1.000096459334209.


Package fontspec Info: Font family 'latinmodern-math.otf(2)' created for font
(fontspec)             'latinmodern-math.otf' with options
(fontspec)             [Scale=MatchLowercase,BoldItalicFont={},ItalicFont={},Sm
allCapsFont={},Script=Math,SizeFeatures={{Size=8.5-},{Size=6-8.5,Font=latinmode
rn-math.otf,Style=MathScript},{Size=-6,Font=latinmodern-math.otf,Style=MathScri
ptScript}},BoldFont={latinmodern-math.otf},ScaleAgain=1.0001,FontAdjustment={\f
ontdimen
(fontspec)             8\font =6.77pt\relax \fontdimen 9\font =3.94pt\relax
(fontspec)             \fontdimen 10\font =4.44pt\relax \fontdimen 11\font
(fontspec)             =6.86pt\relax \fontdimen 12\font =3.45pt\relax
(fontspec)             \fontdimen 13\font =3.63pt\relax \fontdimen 14\font
(fontspec)             =3.63pt\relax \fontdimen 15\font =2.89pt\relax
(fontspec)             \fontdimen 16\font =2.47pt\relax \fontdimen 17\font
(fontspec)             =2.47pt\relax \fontdimen 18\font =2.5pt\relax
(fontspec)             \fontdimen 19\font =2.0pt\relax \fontdimen 22\font
(fontspec)             =2.5pt\relax \fontdimen 20\font =0pt\relax \fontdimen
(fontspec)             21\font =0pt\relax }].
(fontspec)              
(fontspec)              This font family consists of the following NFSS
(fontspec)             series/shapes:
(fontspec)              
(fontspec)             - 'normal' (m/n) with NFSS spec.:
(fontspec)             <8.5->s*[1.000096459334209]"[latinmodern-math.otf]/OT:sc
ript=math;language=dflt;"<6-8.5>s*[1.000096459334209]"[latinmodern-math.otf]/OT
:script=math;language=dflt;+ssty=0;"<-6>s*[1.000096459334209]"[latinmodern-math
.otf]/OT:script=math;language=dflt;+ssty=1;"
(fontspec)             - 'small caps'  (m/sc) with NFSS spec.: 
(fontspec)             and font adjustment code:
(fontspec)             \fontdimen 8\font =6.77pt\relax \fontdimen 9\font
(fontspec)             =3.94pt\relax \fontdimen 10\font =4.44pt\relax
(fontspec)             \fontdimen 11\font =6.86pt\relax \fontdimen 12\font
(fontspec)             =3.45pt\relax \fontdimen 13\font =3.63pt\relax
(fontspec)             \fontdimen 14\font =3.63pt\relax \fontdimen 15\font
(fontspec)             =2.89pt\relax \fontdimen 16\font =2.47pt\relax
(fontspec)             \fontdimen 17\font =2.47pt\relax \fontdimen 18\font
(fontspec)             =2.5pt\relax \fontdimen 19\font =2.0pt\relax \fontdimen
(fontspec)             22\font =2.5pt\relax \fontdimen 20\font =0pt\relax
(fontspec)             \fontdimen 21\font =0pt\relax 
(fontspec)             - 'bold' (b/n) with NFSS spec.:
(fontspec)             <->s*[1.000096459334209]"[latinmodern-math.otf]/OT:scrip
t=math;language=dflt;"
(fontspec)             - 'bold small caps'  (b/sc) with NFSS spec.: 
(fontspec)             and font adjustment code:
(fontspec)             \fontdimen 8\font =6.77pt\relax \fontdimen 9\font
(fontspec)             =3.94pt\relax \fontdimen 10\font =4.44pt\relax
(fontspec)             \fontdimen 11\font =6.86pt\relax \fontdimen 12\font
(fontspec)             =3.45pt\relax \fontdimen 13\font =3.63pt\relax
(fontspec)             \fontdimen 14\font =3.63pt\relax \fontdimen 15\font
(fontspec)             =2.89pt\relax \fontdimen 16\font =2.47pt\relax
(fontspec)             \fontdimen 17\font =2.47pt\relax \fontdimen 18\font
(fontspec)             =2.5pt\relax \fontdimen 19\font =2.0pt\relax \fontdimen
(fontspec)             22\font =2.5pt\relax \fontdimen 20\font =0pt\relax
(fontspec)             \fontdimen 21\font =0pt\relax 

LaTeX Font Info:    Encoding `OMS' has changed to `TU' for symbol font
(Font)              `symbols' in the math version `normal' on input line 159.
LaTeX Font Info:    Overwriting symbol font `symbols' in version `normal'
(Font)                  OMS/lmsy/m/n --> TU/latinmodern-math.otf(2)/m/n on inpu
t line 159.
LaTeX Font Info:    Encoding `OMS' has changed to `TU' for symbol font
(Font)              `symbols' in the math version `bold' on input line 159.
LaTeX Font Info:    Overwriting symbol font `symbols' in version `bold'
(Font)                  OMS/lmsy/b/n --> TU/latinmodern-math.otf(2)/b/n on inpu
t line 159.

Package fontspec Info: latinmodern-math scale = 0.9999964596882403.


Package fontspec Info: latinmodern-math scale = 0.9998964600422715.


Package fontspec Info: latinmodern-math scale = 0.9999964596882403.


Package fontspec Info: latinmodern-math scale = 0.9998964600422715.


Package fontspec Info: latinmodern-math scale = 0.9999964596882403.


Package fontspec Info: latinmodern-math scale = 0.9998964600422715.


Package fontspec Info: latinmodern-math scale = 0.9999964596882403.


Package fontspec Info: latinmodern-math scale = 0.9998964600422715.


Package fontspec Info: latinmodern-math scale = 0.9999964596882403.


Package fontspec Info: latinmodern-math scale = 0.9998964600422715.


Package fontspec Info: Font family 'latinmodern-math.otf(3)' created for font
(fontspec)             'latinmodern-math.otf' with options
(fontspec)             [Scale=MatchLowercase,BoldItalicFont={},ItalicFont={},Sm
allCapsFont={},Script=Math,SizeFeatures={{Size=8.5-},{Size=6-8.5,Font=latinmode
rn-math.otf,Style=MathScript},{Size=-6,Font=latinmodern-math.otf,Style=MathScri
ptScript}},BoldFont={latinmodern-math.otf},ScaleAgain=0.9999,FontAdjustment={\f
ontdimen
(fontspec)             8\font =0.4pt\relax \fontdimen 9\font =2.0pt\relax
(fontspec)             \fontdimen 10\font =1.67pt\relax \fontdimen 11\font
(fontspec)             =1.11pt\relax \fontdimen 12\font =6.0pt\relax
(fontspec)             \fontdimen 13\font =0pt\relax }].
(fontspec)              
(fontspec)              This font family consists of the following NFSS
(fontspec)             series/shapes:
(fontspec)              
(fontspec)             - 'normal' (m/n) with NFSS spec.:
(fontspec)             <8.5->s*[0.9998964600422715]"[latinmodern-math.otf]/OT:s
cript=math;language=dflt;"<6-8.5>s*[0.9998964600422715]"[latinmodern-math.otf]/
OT:script=math;language=dflt;+ssty=0;"<-6>s*[0.9998964600422715]"[latinmodern-m
ath.otf]/OT:script=math;language=dflt;+ssty=1;"
(fontspec)             - 'small caps'  (m/sc) with NFSS spec.: 
(fontspec)             and font adjustment code:
(fontspec)             \fontdimen 8\font =0.4pt\relax \fontdimen 9\font
(fontspec)             =2.0pt\relax \fontdimen 10\font =1.67pt\relax
(fontspec)             \fontdimen 11\font =1.11pt\relax \fontdimen 12\font
(fontspec)             =6.0pt\relax \fontdimen 13\font =0pt\relax 
(fontspec)             - 'bold' (b/n) with NFSS spec.:
(fontspec)             <->s*[0.9998964600422715]"[latinmodern-math.otf]/OT:scri
pt=math;language=dflt;"
(fontspec)             - 'bold small caps'  (b/sc) with NFSS spec.: 
(fontspec)             and font adjustment code:
(fontspec)             \fontdimen 8\font =0.4pt\relax \fontdimen 9\font
(fontspec)             =2.0pt\relax \fontdimen 10\font =1.67pt\relax
(fontspec)             \fontdimen 11\font =1.11pt\relax \fontdimen 12\font
(fontspec)             =6.0pt\relax \fontdimen 13\font =0pt\relax 

LaTeX Font Info:    Encoding `OMX' has changed to `TU' for symbol font
(Font)              `largesymbols' in the math version `normal' on input line 1
59.
LaTeX Font Info:    Overwriting symbol font `largesymbols' in version `normal'
(Font)                  OMX/lmex/m/n --> TU/latinmodern-math.otf(3)/m/n on inpu
t line 159.
LaTeX Font Info:    Encoding `OMX' has changed to `TU' for symbol font
(Font)              `largesymbols' in the math version `bold' on input line 159
.
LaTeX Font Info:    Overwriting symbol font `largesymbols' in version `bold'
(Font)                  OMX/lmex/m/n --> TU/latinmodern-math.otf(3)/b/n on inpu
t line 159.
Package hyperref Info: Link coloring OFF on input line 159.
(/Users/dave/Library/TinyTeX/texmf-dist/tex/latex/hyperref/nameref.sty
Package: nameref 2021-04-02 v2.47 Cross-referencing by name of section
(/Users/dave/Library/TinyTeX/texmf-dist/tex/latex/refcount/refcount.sty
Package: refcount 2019/12/15 v3.6 Data extraction from label references (HO)
)
(/Users/dave/Library/TinyTeX/texmf-dist/tex/generic/gettitlestring/gettitlestri
ng.sty
Package: gettitlestring 2019/12/15 v1.6 Cleanup title references (HO)
)
\c@section@level=\count315
)
LaTeX Info: Redefining \ref on input line 159.
LaTeX Info: Redefining \pageref on input line 159.
LaTeX Info: Redefining \nameref on input line 159.
(./schuster-statistics-remix.out) (./schuster-statistics-remix.out)
\@outlinefile=\write4
\openout4 = `schuster-statistics-remix.out'.

LaTeX Font Info:    Font shape `TU/latinmodern-math.otf(1)/m/n' will be
(Font)              scaled to size 12.0pt on input line 161.
LaTeX Font Info:    Font shape `TU/latinmodern-math.otf(1)/m/n' will be
(Font)              scaled to size 8.0pt on input line 161.
LaTeX Font Info:    Font shape `TU/latinmodern-math.otf(1)/m/n' will be
(Font)              scaled to size 6.0pt on input line 161.
LaTeX Font Info:    Trying to load font information for OML+lmm on input line 1
61.
(/Users/dave/Library/TinyTeX/texmf-dist/tex/latex/lm/omllmm.fd
File: omllmm.fd 2015/05/01 v1.6.1 Font defs for Latin Modern
)
LaTeX Font Info:    Font shape `TU/latinmodern-math.otf(2)/m/n' will be
(Font)              scaled to size 12.0011pt on input line 161.
LaTeX Font Info:    Font shape `TU/latinmodern-math.otf(2)/m/n' will be
(Font)              scaled to size 8.00073pt on input line 161.
LaTeX Font Info:    Font shape `TU/latinmodern-math.otf(2)/m/n' will be
(Font)              scaled to size 6.00055pt on input line 161.
LaTeX Font Info:    Font shape `TU/latinmodern-math.otf(3)/m/n' will be
(Font)              scaled to size 11.99872pt on input line 161.
LaTeX Font Info:    Font shape `TU/latinmodern-math.otf(3)/m/n' will be
(Font)              scaled to size 7.99915pt on input line 161.
LaTeX Font Info:    Font shape `TU/latinmodern-math.otf(3)/m/n' will be
(Font)              scaled to size 5.99936pt on input line 161.
LaTeX Font Info:    Trying to load font information for U+msa on input line 161
.
(/Users/dave/Library/TinyTeX/texmf-dist/tex/latex/amsfonts/umsa.fd
File: umsa.fd 2013/01/14 v3.01 AMS symbols A
)
LaTeX Font Info:    Trying to load font information for U+msb on input line 161
.
(/Users/dave/Library/TinyTeX/texmf-dist/tex/latex/amsfonts/umsb.fd
File: umsb.fd 2013/01/14 v3.01 AMS symbols B
) [1


] [2

] (./schuster-statistics-remix.toc
LaTeX Font Info:    Font shape `TU/latinmodern-math.otf(1)/m/n' will be
(Font)              scaled to size 7.0pt on input line 2.
LaTeX Font Info:    Font shape `TU/latinmodern-math.otf(1)/m/n' will be
(Font)              scaled to size 5.0pt on input line 2.
LaTeX Font Info:    Font shape `TU/latinmodern-math.otf(2)/m/n' will be
(Font)              scaled to size 10.00092pt on input line 2.
LaTeX Font Info:    Font shape `TU/latinmodern-math.otf(2)/m/n' will be
(Font)              scaled to size 7.00064pt on input line 2.
LaTeX Font Info:    Font shape `TU/latinmodern-math.otf(2)/m/n' will be
(Font)              scaled to size 5.00046pt on input line 2.
LaTeX Font Info:    Font shape `TU/latinmodern-math.otf(3)/m/n' will be
(Font)              scaled to size 9.99893pt on input line 2.
LaTeX Font Info:    Font shape `TU/latinmodern-math.otf(3)/m/n' will be
(Font)              scaled to size 6.99925pt on input line 2.
LaTeX Font Info:    Font shape `TU/latinmodern-math.otf(3)/m/n' will be
(Font)              scaled to size 4.99947pt on input line 2.
[3])
\tf@toc=\write5
\openout5 = `schuster-statistics-remix.toc'.

[4]
Underfull \hbox (badness 1960) in paragraph at lines 180--181
[]\TU/lmr/m/n/10 Navarro, D. (2018). Learning statistics with R: A tutorial for
 psy-
 []


Underfull \hbox (badness 2941) in paragraph at lines 180--181
\TU/lmr/m/n/10 chology students and other beginners (version 0.6). Retrieved fr
om
 []

[5

] [6

]
Chapter 1.
[7]
Underfull \hbox (badness 5817) in paragraph at lines 218--219
[]\TU/lmr/m/n/10 Make conclusions about populations based on the observations
 []

[8]
Overfull \hbox (27.75pt too wide) in paragraph at lines 259--259
[]  \TU/lmtt/m/n/10 Interval scale/interval measurement.  Example: Fahrenheit t
emperature[] 
 []


Overfull \hbox (101.25pt too wide) in paragraph at lines 259--259
[] \TU/lmtt/m/n/10 Ordinal scale/ordinal measurement.  Example: the order in wh
ich people finish a race[] 
 []


Overfull \hbox (43.5pt too wide) in paragraph at lines 259--259
[]\TU/lmtt/m/n/10 Nominal scale/Nominal measurement.  Example: which is your fa
vorite fruit?[] 
 []

[9] [10]
Overfull \hbox (3.06674pt too wide) has occurred while \output is active
\TU/lmr/m/sl/10 1.3.  DESCRIPTIVE STATISTICS: SUMMARIZING OUR OBSERVATIONS \TU/
lmr/m/n/10 11
 []

[11]
Underfull \vbox (badness 4048) has occurred while \output is active []

[12]
Overfull \hbox (40.21564pt too wide) has occurred while \output is active
\TU/lmr/m/sl/10 1.4.  INFERENTIAL STATISTICS: GENERALIZING FROM OUR OBSERVATION
S \TU/lmr/m/n/10 13
 []

[13] [14]
Overfull \hbox (133.59006pt too wide) in paragraph at lines 387--404
 [][] 
 []

[15]
File: schuster-statistics-remix_files/figure-latex/berkeley-1.pdf Graphic file 
(type pdf)
<use schuster-statistics-remix_files/figure-latex/berkeley-1.pdf>
[16] [17] [18] [19]
Underfull \vbox (badness 4492) has occurred while \output is active []

[20] [21] [22] [23]
Underfull \hbox (badness 10000) in paragraph at lines 562--562
[]\TU/lmr/bx/n/12 Experimental, Quasi-Experimental, and Non-
 []

[24]
Underfull \hbox (badness 1728) in paragraph at lines 586--587
[]\TU/lmr/m/n/10 In summary: non-experimental studies are observational. Like q
uasi-
 []

[25] [26]
Overfull \hbox (3.96075pt too wide) in paragraph at lines 661--661
[]|\TU/lmr/m/n/10 Type 
 []


Overfull \hbox (3.45076pt too wide) in paragraph at lines 664--664
[]|\TU/lmr/m/n/10 Test- 
 []


Overfull \hbox (5.98076pt too wide) in paragraph at lines 664--664
\TU/lmr/m/n/10 retest|  
 []


Overfull \hbox (23.77075pt too wide) in paragraph at lines 665--665
[]|\TU/lmr/m/n/10 Interrater|  
 []


Overfull \hbox (15.94075pt too wide) in paragraph at lines 666--666
[]|\TU/lmr/m/n/10 Internal 
 []


Overfull \hbox (5.07076pt too wide) in paragraph at lines 666--666
\TU/lmr/m/n/10 tency|  
 []

[27]
Overfull \hbox (3.09302pt too wide) in alignment at lines 692--696
 [] [] [] [] 
 []


Overfull \hbox (73.26924pt too wide) in paragraph at lines 699--699
\TU/lmr/m/n/10 pants/units/variables/settings 
 []


Overfull \hbox (3.09302pt too wide) in alignment at lines 696--702
 [] [] [] [] 
 []

[28] [29] [30

]
Chapter 2.
[31] [32] [33] [34] [35]
File: /Users/dave/Documents/GitHub/stats-remix-advanced/bookdown/img/introR/RSt
udio2.png Graphic file (type bmp)
</Users/dave/Documents/GitHub/stats-remix-advanced/bookdown/img/introR/RStudio2
.png>

Underfull \vbox (badness 10000) has occurred while \output is active []

[36] [37] [38]
Underfull \hbox (badness 10000) in paragraph at lines 890--892

 []

LaTeX Font Info:    Font shape `TU/lmtt/bx/n' in size <10> not available
(Font)              Font shape `TU/lmtt/b/n' tried instead on input line 911.

LaTeX Font Warning: Font shape `TU/lmtt/bx/it' in size <10> not available
(Font)              Font shape `TU/lmtt/b/sl' tried instead on input line 911.


Overfull \hbox (1.5pt too wide) in paragraph at lines 928--928
[]\TU/lmtt/m/n/10 ## Error in 10 = 20: invalid (do_set) left-hand side to assig
nment[] 
 []

[39] [40]
Overfull \hbox (22.5pt too wide) in paragraph at lines 1005--1005
[]\TU/lmtt/m/n/10 ##   R Core Team (2020). R: A language and environment for st
atistical[] 
 []


Overfull \hbox (33.0pt too wide) in paragraph at lines 1005--1005
[]\TU/lmtt/m/n/10 ##   computing. R Foundation for Statistical Computing, Vienn
a, Austria.[] 
 []


Overfull \hbox (38.25pt too wide) in paragraph at lines 1005--1005
[]\TU/lmtt/m/n/10 ##     title = {R: A Language and Environment for Statistical
 Computing},[] 
 []


Overfull \hbox (43.5pt too wide) in paragraph at lines 1005--1005
[]\TU/lmtt/m/n/10 ## We have invested a lot of time and effort in creating R, p
lease cite it[] 
 []


Overfull \hbox (22.5pt too wide) in paragraph at lines 1005--1005
[]\TU/lmtt/m/n/10 ## when using it for data analysis. See also 'citation("pkgna
me")' for[] 
 []

[41] [42]
Overfull \hbox (38.25pt too wide) in paragraph at lines 1093--1093
[]\TU/lmtt/m/n/10 ##         stop(gettextf("package '%s' not found", package), 
domain = NA)[] 
 []

[43] [44]

LaTeX Warning: Reference `datahandling' on page 45 undefined on input line 1141
.

[45] [46] [47]
LaTeX Font Info:    Font shape `TU/lmtt/bx/n' in size <12> not available
(Font)              Font shape `TU/lmtt/b/n' tried instead on input line 1225.
[48] [49] [50] [51]

LaTeX Warning: Reference `functions' on page 52 undefined on input line 1357.

[52] [53] [54] [55] [56]
File: /Users/dave/Documents/GitHub/stats-remix-advanced/bookdown/img/introR/RSt
udio_tab.png Graphic file (type bmp)
</Users/dave/Documents/GitHub/stats-remix-advanced/bookdown/img/introR/RStudio_
tab.png>
[57]
File: /Users/dave/Documents/GitHub/stats-remix-advanced/bookdown/img/introR/RSt
udio_tab2.png Graphic file (type bmp)
</Users/dave/Documents/GitHub/stats-remix-advanced/bookdown/img/introR/RStudio_
tab2.png>
[58]
File: /Users/dave/Documents/GitHub/stats-remix-advanced/bookdown/img/introR/his
toryTab.png Graphic file (type bmp)
</Users/dave/Documents/GitHub/stats-remix-advanced/bookdown/img/introR/historyT
ab.png>

Underfull \vbox (badness 4556) has occurred while \output is active []

[59] [60] [61] [62]
Overfull \hbox (6.75pt too wide) in paragraph at lines 1678--1678
[]\TU/lmtt/m/n/10 ##  [1]    0  700 1400  350  175    0    0    0    0    0    
0    0[] 
 []


Overfull \hbox (59.25pt too wide) in paragraph at lines 1700--1700
[]\TU/lmtt/m/n/10 ##  [1]  0.000000 25.000000 45.161290 11.666667  5.645161  0.
000000  0.000000[] 
 []


LaTeX Warning: Reference `recycling' on page 63 undefined on input line 1702.

[63] [64]

LaTeX Warning: Reference `textprocessing' on page 65 undefined on input line 17
59.

[65] [66]
Overfull \hbox (43.5pt too wide) in paragraph at lines 1841--1841
[]\TU/lmtt/m/n/10 ## Error in 2 + 2 = 5: target of assignment expands to non-la
nguage object[] 
 []

[67] [68] [69] [70] [71]
Overfull \hbox (38.25pt too wide) in paragraph at lines 2123--2123
[]\TU/lmtt/m/n/10 ##  [1] FALSE  TRUE  TRUE  TRUE  TRUE FALSE FALSE FALSE FALSE
 FALSE FALSE[] 
 []


Overfull \hbox (38.25pt too wide) in paragraph at lines 2137--2137
[]\TU/lmtt/m/n/10 ##  [1] FALSE  TRUE  TRUE  TRUE  TRUE FALSE FALSE FALSE FALSE
 FALSE FALSE[] 
 []


LaTeX Warning: Reference `logictext2' on page 72 undefined on input line 2144.

[72] [73] [74]
Overfull \hbox (2.60202pt too wide) in paragraph at lines 2287--2288
[]\TU/lmr/m/n/10 To understand what’s happening here, it’s helpful to notice th
at \TU/lmtt/m/n/10 sales.by.month
 []


Overfull \hbox (15.48003pt too wide) in paragraph at lines 2287--2288
\TU/lmtt/m/n/10 > 0 \TU/lmr/m/n/10 is the same logical expression that we used 
to create the \TU/lmtt/m/n/10 any.sales.this.month
 []

[75]
Overfull \hbox (59.25pt too wide) in paragraph at lines 2325--2325
[]\TU/lmtt/m/n/10 ##  [1] "high" "high" "low"  "out"  "out"  "high" "high" "hig
h" "high" "high"[] 
 []


LaTeX Warning: Reference `datahandling' on page 76 undefined on input line 2365
.

[76]
File: /Users/dave/Documents/GitHub/stats-remix-advanced/bookdown/img/introR/Rst
udio_quit.png Graphic file (type bmp)
</Users/dave/Documents/GitHub/stats-remix-advanced/bookdown/img/introR/Rstudio_
quit.png>
[77]
File: /Users/dave/Documents/GitHub/stats-remix-advanced/bookdown/img/introR/Rst
udio_options.png Graphic file (type bmp)
</Users/dave/Documents/GitHub/stats-remix-advanced/bookdown/img/introR/Rstudio_
options.png>
[78] [79]

LaTeX Warning: Reference `datahandling' on page 80 undefined on input line 2432
.


LaTeX Warning: Reference `scripting' on page 80 undefined on input line 2432.


LaTeX Warning: Reference `scripting' on page 80 undefined on input line 2437.


Underfull \vbox (badness 1565) has occurred while \output is active []

[80] [81]
File: /Users/dave/Documents/GitHub/stats-remix-advanced/bookdown/img/mechanics/
Rstudiopackages.png Graphic file (type bmp)
</Users/dave/Documents/GitHub/stats-remix-advanced/bookdown/img/mechanics/Rstud
iopackages.png>
[82] [83] [84] [85] [86] [87]
File: /Users/dave/Documents/GitHub/stats-remix-advanced/bookdown/img/mechanics/
installpackage.png Graphic file (type bmp)
</Users/dave/Documents/GitHub/stats-remix-advanced/bookdown/img/mechanics/insta
llpackage.png>
File: /Users/dave/Documents/GitHub/stats-remix-advanced/bookdown/img/mechanics/
installpackage2.png Graphic file (type bmp)
</Users/dave/Documents/GitHub/stats-remix-advanced/bookdown/img/mechanics/insta
llpackage2.png>
[88] [89]
Overfull \hbox (48.75pt too wide) in paragraph at lines 2690--2690
[]\TU/lmtt/m/n/10 trying URL 'http://cran.rstudio.com/bin/macosx/contrib/3.0/ps
ych_1.4.1.tgz'[] 
 []


Overfull \hbox (96.0pt too wide) in paragraph at lines 2690--2690
[]    \TU/lmtt/m/n/10 /var/folders/cl/thhsyrz53g73q0w1kb5z3l_80000gn/T//RtmpmQ9
VT3/downloaded_packages[] 
 []

File: /Users/dave/Documents/GitHub/stats-remix-advanced/bookdown/img/mechanics/
updatepackages.png Graphic file (type bmp)
</Users/dave/Documents/GitHub/stats-remix-advanced/bookdown/img/mechanics/updat
epackages.png>
[90] [91] [92]
File: /Users/dave/Documents/GitHub/stats-remix-advanced/bookdown/img/mechanics/
workspacepanel.png Graphic file (type bmp)
</Users/dave/Documents/GitHub/stats-remix-advanced/bookdown/img/mechanics/works
pacepanel.png>
File: /Users/dave/Documents/GitHub/stats-remix-advanced/bookdown/img/mechanics/
workspacepanel2.png Graphic file (type bmp)
</Users/dave/Documents/GitHub/stats-remix-advanced/bookdown/img/mechanics/works
pacepanel2.png>

Overfull \hbox (22.5pt too wide) in paragraph at lines 2761--2761
[]\TU/lmtt/m/n/10 ##  [1] "any.sales.this.month" "berkeley"             "berkel
ey.small"[] 
 []


Overfull \hbox (22.5pt too wide) in paragraph at lines 2761--2761
[]\TU/lmtt/m/n/10 ##  [4] "coef"                 "days.per.month"       "februa
ry.sales"[] 
 []

[93] [94] [95] [96] [97]
Overfull \hbox (11.10004pt too wide) in paragraph at lines 2886--2896
 [][] 
 []

[98]
Overfull \hbox (54.0pt too wide) in paragraph at lines 2941--2941
[]\TU/lmtt/m/n/10 ## [1] "afl24.Rdata"             "aflsmall.Rdata"          "a
flsmall2.Rdata"[] 
 []


Overfull \hbox (48.75pt too wide) in paragraph at lines 2941--2941
[]\TU/lmtt/m/n/10 ## [4] "agpp.Rdata"              "all.zip"                 "a
nnoying.Rdata"[] 
 []


Overfull \hbox (48.75pt too wide) in paragraph at lines 2941--2941
[]\TU/lmtt/m/n/10 ## [7] "anscombesquartet.Rdata"  "awesome.Rdata"           "a
wesome2.Rdata"[] 
 []


Overfull \hbox (54.0pt too wide) in paragraph at lines 2941--2941
[]\TU/lmtt/m/n/10 ## [10] "booksales.csv"           "booksales.Rdata"         "
booksales2.csv"[] 
 []


Overfull \hbox (48.75pt too wide) in paragraph at lines 2941--2941
[]\TU/lmtt/m/n/10 ## [13] "cakes.Rdata"             "cards.Rdata"             "
chapek9.Rdata"[] 
 []


Overfull \hbox (80.25pt too wide) in paragraph at lines 2941--2941
[]\TU/lmtt/m/n/10 ## [16] "chico.Rdata"             "clinicaltrial_old.Rdata" "
clinicaltrial.Rdata"[] 
 []


Overfull \hbox (48.75pt too wide) in paragraph at lines 2941--2941
[]\TU/lmtt/m/n/10 ## [19] "coffee.Rdata"            "drugs.wmc.rt.Rdata"      "
dwr_all.Rdata"[] 
 []

[99]
Overfull \hbox (38.25pt too wide) in paragraph at lines 2941--2941
[]\TU/lmtt/m/n/10 ## [22] "effort.Rdata"            "happy.Rdata"             "
harpo.Rdata"[] 
 []


Overfull \hbox (69.75pt too wide) in paragraph at lines 2941--2941
[]\TU/lmtt/m/n/10 ## [25] "harpo2.Rdata"            "likert.Rdata"            "
nightgarden.Rdata"[] 
 []


Overfull \hbox (69.75pt too wide) in paragraph at lines 2941--2941
[]\TU/lmtt/m/n/10 ## [28] "nightgarden2.Rdata"      "parenthood.Rdata"        "
parenthood2.Rdata"[] 
 []


Overfull \hbox (33.0pt too wide) in paragraph at lines 2941--2941
[]\TU/lmtt/m/n/10 ## [31] "randomness.Rdata"        "repeated.Rdata"          "
rtfm.Rdata"[] 
 []


LaTeX Warning: Reference `escapechars' on page 100 undefined on input line 2962
.

[100]

LaTeX Warning: Reference `escapechars' on page 101 undefined on input line 2969
.

File: /Users/dave/Documents/GitHub/stats-remix-advanced/bookdown/img/mechanics/
filepanel.png Graphic file (type bmp)
</Users/dave/Documents/GitHub/stats-remix-advanced/bookdown/img/mechanics/filep
anel.png>
[101] [102]

LaTeX Warning: Reference `scripting' on page 103 undefined on input line 3010.


LaTeX Warning: Reference `importing' on page 103 undefined on input line 3013.


Underfull \hbox (badness 1584) in paragraph at lines 3019--3020
\TU/lmr/m/n/10 When I used the \TU/lmtt/m/n/10 list.files() \TU/lmr/m/n/10 comm
and to list the contents of the
 []


Underfull \vbox (badness 1033) has occurred while \output is active []

[103] [104]
File: /Users/dave/Documents/GitHub/stats-remix-advanced/bookdown/img/mechanics/
booksalescsv.jpg Graphic file (type bmp)
</Users/dave/Documents/GitHub/stats-remix-advanced/bookdown/img/mechanics/books
alescsv.jpg>

LaTeX Warning: Reference `importing' on page 105 undefined on input line 3070.

[105] [106]
File: /Users/dave/Documents/GitHub/stats-remix-advanced/bookdown/img/mechanics/
openscreen.png Graphic file (type bmp)
</Users/dave/Documents/GitHub/stats-remix-advanced/bookdown/img/mechanics/opens
creen.png>
File: /Users/dave/Documents/GitHub/stats-remix-advanced/bookdown/img/mechanics/
import.png Graphic file (type bmp)
</Users/dave/Documents/GitHub/stats-remix-advanced/bookdown/img/mechanics/impor
t.png>
[107] [108]
Overfull \hbox (32.752pt too wide) in paragraph at lines 3167--3168
[]\TU/lmr/m/n/10 Since \TU/lmtt/m/n/10 file \TU/lmr/m/n/10 is the first argumen
t, you can shorten this to \TU/lmtt/m/n/10 save.image("myfile.Rdata")\TU/lmr/m/
n/10 ;
 []

[109]

LaTeX Warning: Reference `scripting' on page 110 undefined on input line 3199.

[110]

LaTeX Warning: Reference `scripting' on page 111 undefined on input line 3218.

[111] [112] [113] [114] [115]

LaTeX Warning: Reference `coercion' on page 116 undefined on input line 3395.

[116]

LaTeX Warning: Reference `orderedfactors' on page 117 undefined on input line 3
467.

[117]

LaTeX Warning: Reference `coercion' on page 118 undefined on input line 3492.


Overfull \hbox (1.5pt too wide) in paragraph at lines 3528--3528
[]\TU/lmtt/m/n/10 ## Warning in Ops.factor(group, 2): '+' not meaningful for fa
ctors[] 
 []

[118]
Overfull \hbox (64.5pt too wide) in paragraph at lines 3564--3564
[]\TU/lmtt/m/n/10 ## [1] group 1 group 1 group 1 group 2 group 2 group 2 group 
3 group 3 group 3[] 
 []


Overfull \hbox (17.25pt too wide) in paragraph at lines 3576--3576
[]\TU/lmtt/m/n/10 ## [1] male   male   male   male   male   female female femal
e female[] 
 []


LaTeX Warning: Reference `orderedfactors' on page 119 undefined on input line 3
583.

[119] [120] [121] [122]

LaTeX Warning: Reference `datahandling' on page 123 undefined on input line 375
1.

[123] [124]

LaTeX Warning: Reference `regression' on page 125 undefined on input line 3811.


[125] [126] [127] [128] [129] [130] [131] [132]

LaTeX Warning: Reference `datahandling' on page 133 undefined on input line 408
6.


LaTeX Warning: Reference `scripting' on page 133 undefined on input line 4086.

[133] [134

]
Chapter 3.
[135]
Overfull \hbox (54.0pt too wide) in paragraph at lines 4153--4153
[]\TU/lmtt/m/n/10 ##   [1]  56  31  56   8  32  14  36  56  19   1   3 104  43 
 44  72   9  28[] 
 []


Overfull \hbox (54.0pt too wide) in paragraph at lines 4153--4153
[]\TU/lmtt/m/n/10 ##  [18]  25  27  55  20  16  16   7  23  40  48  64  22  55 
 95  15  49  52[] 
 []


Overfull \hbox (54.0pt too wide) in paragraph at lines 4153--4153
[]\TU/lmtt/m/n/10 ##  [35]  50  10  65  12  39  36   3  26  23  20  43 108  53 
 38   4   8   3[] 
 []


Overfull \hbox (54.0pt too wide) in paragraph at lines 4153--4153
[]\TU/lmtt/m/n/10 ##  [52]  13  66  67  50  61  36  38  29   9  81   3  26  12 
 36  37  70   1[] 
 []


Overfull \hbox (54.0pt too wide) in paragraph at lines 4153--4153
[]\TU/lmtt/m/n/10 ##  [69]  35  12  50  35   9  54  47   8  47   2  29  61  38 
 41  23  24   1[] 
 []


Overfull \hbox (54.0pt too wide) in paragraph at lines 4153--4153
[]\TU/lmtt/m/n/10 ##  [86]   9  11  10  29  47  71  38  49  65  18   0  16   9 
 19  36  60  24[] 
 []


Overfull \hbox (54.0pt too wide) in paragraph at lines 4153--4153
[]\TU/lmtt/m/n/10 ## [103]  25  44  55   3  57  83  84  35   4  35  26  22   2 
 14  19  30  19[] 
 []


Overfull \hbox (54.0pt too wide) in paragraph at lines 4153--4153
[]\TU/lmtt/m/n/10 ## [120]  68  11  75  48  32  36  39  50  11   0  63  82  26 
  3  82  73  19[] 
 []


Overfull \hbox (54.0pt too wide) in paragraph at lines 4153--4153
[]\TU/lmtt/m/n/10 ## [137]  33  48   8  10  53  20  71  75  76  54  44   5  22 
 94  29   8  98[] 
 []


Overfull \hbox (54.0pt too wide) in paragraph at lines 4153--4153
[]\TU/lmtt/m/n/10 ## [154]   9  89   1 101   7  21  52  42  21 116   3  44  29 
 27  16   6  44[] 
 []

[136]
File: schuster-statistics-remix_files/figure-latex/histogram1-1.pdf Graphic fil
e (type pdf)
<use schuster-statistics-remix_files/figure-latex/histogram1-1.pdf>

Underfull \hbox (badness 1389) in paragraph at lines 4160--4160
[]\TU/lmr/m/n/10 Figure 3.1: [][]A histogram of the AFL 2010 winning margin dat
a (the
 []

[137] [138]

LaTeX Warning: Reference `dotsargument' on page 139 undefined on input line 422
1.

[139] [140]

LaTeX Warning: Reference `datahandling' on page 141 undefined on input line 429
4.


Overfull \hbox (54.0pt too wide) in paragraph at lines 4314--4314
[]\TU/lmtt/m/n/10 ##   [1]   0   0   1   1   1   1   2   2   3   3   3   3   3 
  3   3   3   4[] 
 []


Overfull \hbox (54.0pt too wide) in paragraph at lines 4314--4314
[]\TU/lmtt/m/n/10 ##  [18]   4   5   6   7   7   8   8   8   8   8   9   9   9 
  9   9   9  10[] 
 []


Overfull \hbox (54.0pt too wide) in paragraph at lines 4314--4314
[]\TU/lmtt/m/n/10 ##  [35]  10  10  10  10  11  11  11  12  12  12  13  14  14 
 15  16  16  16[] 
 []


Overfull \hbox (54.0pt too wide) in paragraph at lines 4314--4314
[]\TU/lmtt/m/n/10 ##  [52]  16  18  19  19  19  19  19  20  20  20  21  21  22 
 22  22  23  23[] 
 []


Overfull \hbox (54.0pt too wide) in paragraph at lines 4314--4314
[]\TU/lmtt/m/n/10 ##  [69]  23  24  24  25  25  26  26  26  26  27  27  28  28 
 29  29  29  29[] 
 []


Overfull \hbox (54.0pt too wide) in paragraph at lines 4314--4314
[]\TU/lmtt/m/n/10 ##  [86]  29  29  30  31  32  32  33  35  35  35  35  36  36 
 36  36  36  36[] 
 []


Overfull \hbox (54.0pt too wide) in paragraph at lines 4314--4314
[]\TU/lmtt/m/n/10 ## [103]  37  38  38  38  38  38  39  39  40  41  42  43  43 
 44  44  44  44[] 
 []


Overfull \hbox (54.0pt too wide) in paragraph at lines 4314--4314
[]\TU/lmtt/m/n/10 ## [120]  44  47  47  47  48  48  48  49  49  50  50  50  50 
 52  52  53  53[] 
 []


Overfull \hbox (54.0pt too wide) in paragraph at lines 4314--4314
[]\TU/lmtt/m/n/10 ## [137]  54  54  55  55  55  56  56  56  57  60  61  61  63 
 64  65  65  66[] 
 []


Overfull \hbox (54.0pt too wide) in paragraph at lines 4314--4314
[]\TU/lmtt/m/n/10 ## [154]  67  68  70  71  71  72  73  75  75  76  81  82  82 
 83  84  89  94[] 
 []

[141]
File: ./img/descriptives2/meanmedian.png Graphic file (type bmp)
<./img/descriptives2/meanmedian.png>
[142] [143] [144] [145] [146]
Overfull \hbox (6.75pt too wide) in paragraph at lines 4475--4475
[]\TU/lmtt/m/n/10 ## [21] Collingwood West Coast  Collingwood Essendon    Colli
ngwood[] 
 []


Overfull \hbox (80.25pt too wide) in paragraph at lines 4475--4475
[]\TU/lmtt/m/n/10 ## 17 Levels: Adelaide Brisbane Carlton Collingwood Essendon 
... Western Bulldogs[] 
 []


LaTeX Warning: Reference `freqtables' on page 147 undefined on input line 4477.



Overfull \hbox (22.5pt too wide) in paragraph at lines 4497--4497
[]\TU/lmtt/m/n/10 ##         Adelaide         Brisbane          Carlton      Co
llingwood[] 
 []


Overfull \hbox (22.5pt too wide) in paragraph at lines 4497--4497
[]\TU/lmtt/m/n/10 ##               26               25               26        
       28[] 
 []


Overfull \hbox (22.5pt too wide) in paragraph at lines 4497--4497
[]\TU/lmtt/m/n/10 ##         Essendon          Fitzroy        Fremantle        
  Geelong[] 
 []


Overfull \hbox (22.5pt too wide) in paragraph at lines 4497--4497
[]\TU/lmtt/m/n/10 ##               32                0                6        
       39[] 
 []


Overfull \hbox (22.5pt too wide) in paragraph at lines 4497--4497
[]\TU/lmtt/m/n/10 ##         Hawthorn        Melbourne  North Melbourne    Port
 Adelaide[] 
 []


Overfull \hbox (22.5pt too wide) in paragraph at lines 4497--4497
[]\TU/lmtt/m/n/10 ##               27               28               28        
       17[] 
 []


Overfull \hbox (22.5pt too wide) in paragraph at lines 4497--4497
[]\TU/lmtt/m/n/10 ##         Richmond         St Kilda           Sydney       W
est Coast[] 
 []


Overfull \hbox (22.5pt too wide) in paragraph at lines 4497--4497
[]\TU/lmtt/m/n/10 ##                6               24               26        
       38[] 
 []

[147]

LaTeX Warning: Reference `scales' on page 148 undefined on input line 4525.

[148] [149] [150] [151] [152] [153]
Overfull \hbox (283.16011pt too wide) in paragraph at lines 4717--4728
 [][] 
 []

[154]
Underfull \hbox (badness 10000) in paragraph at lines 4794--4795

 []

[155]

LaTeX Warning: Reference `estimation' on page 156 undefined on input line 4810.



LaTeX Warning: Reference `estimation' on page 156 undefined on input line 4810.



Underfull \vbox (badness 1043) has occurred while \output is active []

[156]

LaTeX Warning: Reference `probability' on page 157 undefined on input line 4837
.

[157]
File: schuster-statistics-remix_files/figure-latex/aflsd-1.pdf Graphic file (ty
pe pdf)
<use schuster-statistics-remix_files/figure-latex/aflsd-1.pdf>
[158] [159] [160]
File: schuster-statistics-remix_files/figure-latex/skewness-1.pdf Graphic file 
(type pdf)
<use schuster-statistics-remix_files/figure-latex/skewness-1.pdf>
[161] [162]
File: schuster-statistics-remix_files/figure-latex/kurtosis-1.pdf Graphic file 
(type pdf)
<use schuster-statistics-remix_files/figure-latex/kurtosis-1.pdf>
[163] [164] [165]
Overfull \hbox (43.5pt too wide) in paragraph at lines 5077--5077
[]\TU/lmtt/m/n/10 ##   [1]  TRUE FALSE  TRUE FALSE FALSE FALSE FALSE  TRUE FALS
E FALSE FALSE[] 
 []


Overfull \hbox (43.5pt too wide) in paragraph at lines 5077--5077
[]\TU/lmtt/m/n/10 ##  [12]  TRUE FALSE FALSE  TRUE FALSE FALSE FALSE FALSE  TRU
E FALSE FALSE[] 
 []


Overfull \hbox (43.5pt too wide) in paragraph at lines 5077--5077
[]\TU/lmtt/m/n/10 ##  [23] FALSE FALSE FALSE FALSE FALSE  TRUE FALSE  TRUE  TRU
E FALSE FALSE[] 
 []


Overfull \hbox (43.5pt too wide) in paragraph at lines 5077--5077
[]\TU/lmtt/m/n/10 ##  [34]  TRUE FALSE FALSE  TRUE FALSE FALSE FALSE FALSE FALS
E FALSE FALSE[] 
 []


Overfull \hbox (43.5pt too wide) in paragraph at lines 5077--5077
[]\TU/lmtt/m/n/10 ##  [45] FALSE  TRUE  TRUE FALSE FALSE FALSE FALSE FALSE  TRU
E  TRUE FALSE[] 
 []


Overfull \hbox (43.5pt too wide) in paragraph at lines 5077--5077
[]\TU/lmtt/m/n/10 ##  [56]  TRUE FALSE FALSE FALSE FALSE  TRUE FALSE FALSE FALS
E FALSE FALSE[] 
 []


Overfull \hbox (43.5pt too wide) in paragraph at lines 5077--5077
[]\TU/lmtt/m/n/10 ##  [67]  TRUE FALSE FALSE FALSE FALSE FALSE FALSE  TRUE FALS
E FALSE FALSE[] 
 []


Overfull \hbox (43.5pt too wide) in paragraph at lines 5077--5077
[]\TU/lmtt/m/n/10 ##  [78] FALSE FALSE  TRUE FALSE FALSE FALSE FALSE FALSE FALS
E FALSE FALSE[] 
 []


Overfull \hbox (43.5pt too wide) in paragraph at lines 5077--5077
[]\TU/lmtt/m/n/10 ##  [89] FALSE FALSE  TRUE FALSE FALSE  TRUE FALSE FALSE FALS
E FALSE FALSE[] 
 []


Overfull \hbox (43.5pt too wide) in paragraph at lines 5077--5077
[]\TU/lmtt/m/n/10 ## [100] FALSE  TRUE FALSE FALSE FALSE  TRUE FALSE  TRUE  TRU
E  TRUE FALSE[] 
 []


Overfull \hbox (43.5pt too wide) in paragraph at lines 5077--5077
[]\TU/lmtt/m/n/10 ## [111] FALSE FALSE FALSE FALSE FALSE FALSE FALSE FALSE FALS
E  TRUE FALSE[] 
 []


Overfull \hbox (43.5pt too wide) in paragraph at lines 5077--5077
[]\TU/lmtt/m/n/10 ## [122]  TRUE FALSE FALSE FALSE FALSE FALSE FALSE FALSE  TRU
E  TRUE FALSE[] 
 []


Overfull \hbox (43.5pt too wide) in paragraph at lines 5077--5077
[]\TU/lmtt/m/n/10 ## [133] FALSE  TRUE  TRUE FALSE FALSE FALSE FALSE FALSE  TRU
E FALSE  TRUE[] 
 []


Overfull \hbox (43.5pt too wide) in paragraph at lines 5077--5077
[]\TU/lmtt/m/n/10 ## [144]  TRUE  TRUE  TRUE FALSE FALSE FALSE  TRUE FALSE FALS
E  TRUE FALSE[] 
 []


Overfull \hbox (43.5pt too wide) in paragraph at lines 5077--5077
[]\TU/lmtt/m/n/10 ## [155]  TRUE FALSE  TRUE FALSE FALSE  TRUE FALSE FALSE  TRU
E FALSE FALSE[] 
 []


Overfull \hbox (43.5pt too wide) in paragraph at lines 5077--5077
[]\TU/lmtt/m/n/10 ## [166] FALSE FALSE FALSE FALSE FALSE FALSE FALSE FALSE FALS
E FALSE FALSE[] 
 []

[166]
Overfull \hbox (22.5pt too wide) in paragraph at lines 5113--5113
[]\TU/lmtt/m/n/10 ##         Adelaide         Brisbane          Carlton      Co
llingwood[] 
 []


Overfull \hbox (22.5pt too wide) in paragraph at lines 5113--5113
[]\TU/lmtt/m/n/10 ##               26               25               26        
       28[] 
 []


Overfull \hbox (22.5pt too wide) in paragraph at lines 5113--5113
[]\TU/lmtt/m/n/10 ##         Essendon          Fitzroy        Fremantle        
  Geelong[] 
 []


Overfull \hbox (22.5pt too wide) in paragraph at lines 5113--5113
[]\TU/lmtt/m/n/10 ##               32                0                6        
       39[] 
 []


Overfull \hbox (22.5pt too wide) in paragraph at lines 5113--5113
[]\TU/lmtt/m/n/10 ##         Hawthorn        Melbourne  North Melbourne    Port
 Adelaide[] 
 []


Overfull \hbox (22.5pt too wide) in paragraph at lines 5113--5113
[]\TU/lmtt/m/n/10 ##               27               28               28        
       17[] 
 []


Overfull \hbox (22.5pt too wide) in paragraph at lines 5113--5113
[]\TU/lmtt/m/n/10 ##         Richmond         St Kilda           Sydney       W
est Coast[] 
 []


Overfull \hbox (22.5pt too wide) in paragraph at lines 5113--5113
[]\TU/lmtt/m/n/10 ##                6               24               26        
       38[] 
 []


LaTeX Warning: Reference `coercion' on page 167 undefined on input line 5115.


LaTeX Warning: Reference `anova' on page 167 undefined on input line 5134.

[167] [168]

LaTeX Warning: Reference `estimation' on page 169 undefined on input line 5203.



Overfull \hbox (17.25pt too wide) in paragraph at lines 5225--5225
[]\TU/lmtt/m/n/10 ##           vars  n mean   sd median trimmed  mad min max ra
nge skew[] 
 []


Overfull \hbox (17.25pt too wide) in paragraph at lines 5225--5225
[]\TU/lmtt/m/n/10 ## drug*        1 18 2.00 0.84   2.00    2.00 1.48 1.0 3.0   
2.0 0.00[] 
 []


Overfull \hbox (17.25pt too wide) in paragraph at lines 5225--5225
[]\TU/lmtt/m/n/10 ## therapy*     2 18 1.50 0.51   1.50    1.50 0.74 1.0 2.0   
1.0 0.00[] 
 []


Overfull \hbox (17.25pt too wide) in paragraph at lines 5225--5225
[]\TU/lmtt/m/n/10 ## mood.gain    3 18 0.88 0.53   0.85    0.88 0.67 0.1 1.8   
1.7 0.13[] 
 []


Underfull \hbox (badness 1043) in paragraph at lines 5230--5230
[]\TU/lmr/bx/n/14.4 Descriptive statistics separately for each
 []


Underfull \vbox (badness 1845) has occurred while \output is active []

[169]
Overfull \hbox (59.25pt too wide) in paragraph at lines 5262--5262
[]\TU/lmtt/m/n/10 ##           vars n mean   sd median trimmed  mad min max ran
ge skew kurtosis[] 
 []


Overfull \hbox (59.25pt too wide) in paragraph at lines 5262--5262
[]\TU/lmtt/m/n/10 ## drug*        1 9 2.00 0.87    2.0    2.00 1.48 1.0 3.0   2
.0 0.00    -1.81[] 
 []


Overfull \hbox (59.25pt too wide) in paragraph at lines 5262--5262
[]\TU/lmtt/m/n/10 ## therapy*     2 9 1.00 0.00    1.0    1.00 0.00 1.0 1.0   0
.0  NaN      NaN[] 
 []


Overfull \hbox (59.25pt too wide) in paragraph at lines 5262--5262
[]\TU/lmtt/m/n/10 ## mood.gain    3 9 0.72 0.59    0.5    0.72 0.44 0.1 1.7   1
.6 0.51    -1.59[] 
 []


Overfull \hbox (17.25pt too wide) in paragraph at lines 5262--5262
[]\TU/lmtt/m/n/10 ##           vars n mean   sd median trimmed  mad min max ran
ge  skew[] 
 []


Overfull \hbox (17.25pt too wide) in paragraph at lines 5262--5262
[]\TU/lmtt/m/n/10 ## drug*        1 9 2.00 0.87    2.0    2.00 1.48 1.0 3.0   2
.0  0.00[] 
 []


Overfull \hbox (17.25pt too wide) in paragraph at lines 5262--5262
[]\TU/lmtt/m/n/10 ## therapy*     2 9 2.00 0.00    2.0    2.00 0.00 2.0 2.0   0
.0   NaN[] 
 []


Overfull \hbox (17.25pt too wide) in paragraph at lines 5262--5262
[]\TU/lmtt/m/n/10 ## mood.gain    3 9 1.04 0.45    1.1    1.04 0.44 0.3 1.8   1
.5 -0.03[] 
 []

[170]
Overfull \hbox (59.25pt too wide) in paragraph at lines 5294--5294
[]\TU/lmtt/m/n/10 ##           vars n mean   sd median trimmed  mad min max ran
ge skew kurtosis[] 
 []


Overfull \hbox (59.25pt too wide) in paragraph at lines 5294--5294
[]\TU/lmtt/m/n/10 ## drug*        1 9 2.00 0.87    2.0    2.00 1.48 1.0 3.0   2
.0 0.00    -1.81[] 
 []


Overfull \hbox (59.25pt too wide) in paragraph at lines 5294--5294
[]\TU/lmtt/m/n/10 ## therapy*     2 9 1.00 0.00    1.0    1.00 0.00 1.0 1.0   0
.0  NaN      NaN[] 
 []


Overfull \hbox (59.25pt too wide) in paragraph at lines 5294--5294
[]\TU/lmtt/m/n/10 ## mood.gain    3 9 0.72 0.59    0.5    0.72 0.44 0.1 1.7   1
.6 0.51    -1.59[] 
 []


Overfull \hbox (17.25pt too wide) in paragraph at lines 5294--5294
[]\TU/lmtt/m/n/10 ##           vars n mean   sd median trimmed  mad min max ran
ge  skew[] 
 []


Overfull \hbox (17.25pt too wide) in paragraph at lines 5294--5294
[]\TU/lmtt/m/n/10 ## drug*        1 9 2.00 0.87    2.0    2.00 1.48 1.0 3.0   2
.0  0.00[] 
 []


Overfull \hbox (17.25pt too wide) in paragraph at lines 5294--5294
[]\TU/lmtt/m/n/10 ## therapy*     2 9 2.00 0.00    2.0    2.00 0.00 2.0 2.0   0
.0   NaN[] 
 []


Overfull \hbox (17.25pt too wide) in paragraph at lines 5294--5294
[]\TU/lmtt/m/n/10 ## mood.gain    3 9 1.04 0.45    1.1    1.04 0.44 0.3 1.8   1
.5 -0.03[] 
 []

[171] [172] [173]
File: schuster-statistics-remix_files/figure-latex/snowmap1-1.pdf Graphic file 
(type pdf)
<use schuster-statistics-remix_files/figure-latex/snowmap1-1.pdf>
[174] [175]
File: schuster-statistics-remix_files/figure-latex/firstplot-1.pdf Graphic file
 (type pdf)
<use schuster-statistics-remix_files/figure-latex/firstplot-1.pdf>
[176] [177]
File: schuster-statistics-remix_files/figure-latex/secondplot-1.pdf Graphic fil
e (type pdf)
<use schuster-statistics-remix_files/figure-latex/secondplot-1.pdf>
[178] [179]
File: schuster-statistics-remix_files/figure-latex/thirdplot-1.pdf Graphic file
 (type pdf)
<use schuster-statistics-remix_files/figure-latex/thirdplot-1.pdf>
[180]
File: schuster-statistics-remix_files/figure-latex/hist1a-1.pdf Graphic file (t
ype pdf)
<use schuster-statistics-remix_files/figure-latex/hist1a-1.pdf>
[181]
File: schuster-statistics-remix_files/figure-latex/hist1b-1.pdf Graphic file (t
ype pdf)
<use schuster-statistics-remix_files/figure-latex/hist1b-1.pdf>
File: schuster-statistics-remix_files/figure-latex/hist1c-1.pdf Graphic file (t
ype pdf)
<use schuster-statistics-remix_files/figure-latex/hist1c-1.pdf>
[182]
Underfull \vbox (badness 10000) has occurred while \output is active []

[183]
Underfull \hbox (badness 2495) in paragraph at lines 5568--5569
[]\TU/lmr/m/n/10 Not surprisingly, this doesn’t exhaust the possibilities. If y
ou type
 []

File: schuster-statistics-remix_files/figure-latex/hist1d-1.pdf Graphic file (t
ype pdf)
<use schuster-statistics-remix_files/figure-latex/hist1d-1.pdf>
[184] [185]
File: schuster-statistics-remix_files/figure-latex/boxplot1a-1.pdf Graphic file
 (type pdf)
<use schuster-statistics-remix_files/figure-latex/boxplot1a-1.pdf>
File: /Users/dave/Documents/GitHub/stats-remix-advanced/bookdown/img/graphics2/
boxplot1_annotated.png Graphic file (type bmp)
</Users/dave/Documents/GitHub/stats-remix-advanced/bookdown/img/graphics2/boxpl
ot1_annotated.png>
[186] [187]
File: schuster-statistics-remix_files/figure-latex/boxplot2a-1.pdf Graphic file
 (type pdf)
<use schuster-statistics-remix_files/figure-latex/boxplot2a-1.pdf>
File: schuster-statistics-remix_files/figure-latex/boxplot2b-1.pdf Graphic file
 (type pdf)
<use schuster-statistics-remix_files/figure-latex/boxplot2b-1.pdf>
[188] [189]
File: schuster-statistics-remix_files/figure-latex/boxplotoutlier-1.pdf Graphic
 file (type pdf)
<use schuster-statistics-remix_files/figure-latex/boxplotoutlier-1.pdf>
[190] [191]

LaTeX Warning: Reference `regressiondiagnostics' on page 192 undefined on input
 line 5715.

[192] [193]
File: schuster-statistics-remix_files/figure-latex/multipleboxplots-1.pdf Graph
ic file (type pdf)
<use schuster-statistics-remix_files/figure-latex/multipleboxplots-1.pdf>
[194]
File: schuster-statistics-remix_files/figure-latex/multipleboxplots2-1.pdf Grap
hic file (type pdf)
<use schuster-statistics-remix_files/figure-latex/multipleboxplots2-1.pdf>

LaTeX Warning: Reference `scripts' on page 195 undefined on input line 5803.


LaTeX Warning: Reference `freqtables' on page 195 undefined on input line 5808.


[195] [196]
File: schuster-statistics-remix_files/figure-latex/bar1a-1.pdf Graphic file (ty
pe pdf)
<use schuster-statistics-remix_files/figure-latex/bar1a-1.pdf>
File: schuster-statistics-remix_files/figure-latex/bar1b-1.pdf Graphic file (ty
pe pdf)
<use schuster-statistics-remix_files/figure-latex/bar1b-1.pdf>
[197]
File: schuster-statistics-remix_files/figure-latex/bar1c-1.pdf Graphic file (ty
pe pdf)
<use schuster-statistics-remix_files/figure-latex/bar1c-1.pdf>
[198] [199]

LaTeX Warning: Reference `rgraphics' on page 200 undefined on input line 5913.

[200] (./schuster-statistics-remix.bbl [201] [202

]) [203] (./schuster-statistics-remix.aux)

LaTeX Warning: There were undefined references.

Package rerunfilecheck Info: File `schuster-statistics-remix.out' has not chang
ed.
(rerunfilecheck)             Checksum: DE5F029725A86563D081966F2205D54D;8319.
 ) 
Here is how much of TeX's memory you used:
 17446 strings out of 478475
 324911 string characters out of 5858192
 791641 words of memory out of 5000000
 37447 multiletter control sequences out of 15000+600000
 410001 words of font info for 95 fonts, out of 8000000 for 9000
 14 hyphenation exceptions out of 8191
 87i,8n,120p,2127b,543s stack positions out of 5000i,500n,10000p,200000b,80000s

Output written on schuster-statistics-remix.pdf (203 pages).
